# This is the CMakeCache file.
# For build in directory: /Users/nathantormaschy/CLionProjects/Argus/cmake-build-debug
# It was generated by CMake: /Applications/CLion.app/Contents/bin/cmake/mac/bin/cmake
# You can edit this file to change values found and used by cmake.
# If you do not want to change any of the values, simply exit the editor.
# If you do want to change a value, simply edit, save, and exit the editor.
# The syntax for the file is as follows:
# KEY:TYPE=VALUE
# KEY is the name of a variable in the cache.
# TYPE is a hint to GUIs for the type of VALUE, DO NOT EDIT TYPE!.
# VALUE is the current value for the KEY.

########################
# EXTERNAL cache entries
########################

//Value Computed by CMake
Argus_BINARY_DIR:STATIC=/Users/nathantormaschy/CLionProjects/Argus/cmake-build-debug

//Value Computed by CMake
Argus_IS_TOP_LEVEL:STATIC=ON

//Value Computed by CMake
Argus_SOURCE_DIR:STATIC=/Users/nathantormaschy/CLionProjects/Argus

//Path to a program.
CMAKE_ADDR2LINE:FILEPATH=CMAKE_ADDR2LINE-NOTFOUND

//Path to a program.
CMAKE_AR:FILEPATH=/Library/Developer/CommandLineTools/usr/bin/ar

//Choose the type of build, options are: None Debug Release RelWithDebInfo
// MinSizeRel ...
CMAKE_BUILD_TYPE:STRING=Debug

//Enable colored diagnostics throughout.
CMAKE_COLOR_DIAGNOSTICS:BOOL=ON

//CXX compiler
CMAKE_CXX_COMPILER:FILEPATH=/Library/Developer/CommandLineTools/usr/bin/c++

//Flags used by the CXX compiler during all build types.
CMAKE_CXX_FLAGS:STRING=

//Flags used by the CXX compiler during DEBUG builds.
CMAKE_CXX_FLAGS_DEBUG:STRING=-g

//Flags used by the CXX compiler during MINSIZEREL builds.
CMAKE_CXX_FLAGS_MINSIZEREL:STRING=-Os -DNDEBUG

//Flags used by the CXX compiler during RELEASE builds.
CMAKE_CXX_FLAGS_RELEASE:STRING=-O3 -DNDEBUG

//Flags used by the CXX compiler during RELWITHDEBINFO builds.
CMAKE_CXX_FLAGS_RELWITHDEBINFO:STRING=-O2 -g -DNDEBUG

//C compiler
CMAKE_C_COMPILER:FILEPATH=/Library/Developer/CommandLineTools/usr/bin/cc

//Flags used by the C compiler during all build types.
CMAKE_C_FLAGS:STRING=

//Flags used by the C compiler during DEBUG builds.
CMAKE_C_FLAGS_DEBUG:STRING=-g

//Flags used by the C compiler during MINSIZEREL builds.
CMAKE_C_FLAGS_MINSIZEREL:STRING=-Os -DNDEBUG

//Flags used by the C compiler during RELEASE builds.
CMAKE_C_FLAGS_RELEASE:STRING=-O3 -DNDEBUG

//Flags used by the C compiler during RELWITHDEBINFO builds.
CMAKE_C_FLAGS_RELWITHDEBINFO:STRING=-O2 -g -DNDEBUG

//Path to a program.
CMAKE_DLLTOOL:FILEPATH=CMAKE_DLLTOOL-NOTFOUND

//Flags used by the linker during all build types.
CMAKE_EXE_LINKER_FLAGS:STRING=

//Flags used by the linker during DEBUG builds.
CMAKE_EXE_LINKER_FLAGS_DEBUG:STRING=

//Flags used by the linker during MINSIZEREL builds.
CMAKE_EXE_LINKER_FLAGS_MINSIZEREL:STRING=

//Flags used by the linker during RELEASE builds.
CMAKE_EXE_LINKER_FLAGS_RELEASE:STRING=

//Flags used by the linker during RELWITHDEBINFO builds.
CMAKE_EXE_LINKER_FLAGS_RELWITHDEBINFO:STRING=

//Enable/Disable output of compile commands during generation.
CMAKE_EXPORT_COMPILE_COMMANDS:BOOL=

//Value Computed by CMake.
CMAKE_FIND_PACKAGE_REDIRECTS_DIR:STATIC=/Users/nathantormaschy/CLionProjects/Argus/cmake-build-debug/CMakeFiles/pkgRedirects

//Path to a program.
CMAKE_INSTALL_NAME_TOOL:FILEPATH=/usr/bin/install_name_tool

//Install path prefix, prepended onto install directories.
CMAKE_INSTALL_PREFIX:PATH=/usr/local

//Path to a program.
CMAKE_LINKER:FILEPATH=/Library/Developer/CommandLineTools/usr/bin/ld

//No help, variable specified on the command line.
CMAKE_MAKE_PROGRAM:UNINITIALIZED=/Applications/CLion.app/Contents/bin/ninja/mac/ninja

//Flags used by the linker during the creation of modules during
// all build types.
CMAKE_MODULE_LINKER_FLAGS:STRING=

//Flags used by the linker during the creation of modules during
// DEBUG builds.
CMAKE_MODULE_LINKER_FLAGS_DEBUG:STRING=

//Flags used by the linker during the creation of modules during
// MINSIZEREL builds.
CMAKE_MODULE_LINKER_FLAGS_MINSIZEREL:STRING=

//Flags used by the linker during the creation of modules during
// RELEASE builds.
CMAKE_MODULE_LINKER_FLAGS_RELEASE:STRING=

//Flags used by the linker during the creation of modules during
// RELWITHDEBINFO builds.
CMAKE_MODULE_LINKER_FLAGS_RELWITHDEBINFO:STRING=

//Path to a program.
CMAKE_NM:FILEPATH=/Library/Developer/CommandLineTools/usr/bin/nm

//Path to a program.
CMAKE_OBJCOPY:FILEPATH=CMAKE_OBJCOPY-NOTFOUND

//Path to a program.
CMAKE_OBJDUMP:FILEPATH=/Library/Developer/CommandLineTools/usr/bin/objdump

//Build architectures for OSX
CMAKE_OSX_ARCHITECTURES:STRING=

//Minimum OS X version to target for deployment (at runtime); newer
// APIs weak linked. Set to empty string for default value.
CMAKE_OSX_DEPLOYMENT_TARGET:STRING=12.5

//The product will be built against the headers and libraries located
// inside the indicated SDK.
CMAKE_OSX_SYSROOT:PATH=/Library/Developer/CommandLineTools/SDKs/MacOSX13.0.sdk

//Value Computed by CMake
CMAKE_PROJECT_DESCRIPTION:STATIC=

//Value Computed by CMake
CMAKE_PROJECT_HOMEPAGE_URL:STATIC=

//Value Computed by CMake
CMAKE_PROJECT_NAME:STATIC=Argus

//Path to a program.
CMAKE_RANLIB:FILEPATH=/Library/Developer/CommandLineTools/usr/bin/ranlib

//Path to a program.
CMAKE_READELF:FILEPATH=CMAKE_READELF-NOTFOUND

//Flags used by the linker during the creation of shared libraries
// during all build types.
CMAKE_SHARED_LINKER_FLAGS:STRING=

//Flags used by the linker during the creation of shared libraries
// during DEBUG builds.
CMAKE_SHARED_LINKER_FLAGS_DEBUG:STRING=

//Flags used by the linker during the creation of shared libraries
// during MINSIZEREL builds.
CMAKE_SHARED_LINKER_FLAGS_MINSIZEREL:STRING=

//Flags used by the linker during the creation of shared libraries
// during RELEASE builds.
CMAKE_SHARED_LINKER_FLAGS_RELEASE:STRING=

//Flags used by the linker during the creation of shared libraries
// during RELWITHDEBINFO builds.
CMAKE_SHARED_LINKER_FLAGS_RELWITHDEBINFO:STRING=

//If set, runtime paths are not added when installing shared libraries,
// but are added when building.
CMAKE_SKIP_INSTALL_RPATH:BOOL=NO

//If set, runtime paths are not added when using shared libraries.
CMAKE_SKIP_RPATH:BOOL=NO

//Flags used by the linker during the creation of static libraries
// during all build types.
CMAKE_STATIC_LINKER_FLAGS:STRING=

//Flags used by the linker during the creation of static libraries
// during DEBUG builds.
CMAKE_STATIC_LINKER_FLAGS_DEBUG:STRING=

//Flags used by the linker during the creation of static libraries
// during MINSIZEREL builds.
CMAKE_STATIC_LINKER_FLAGS_MINSIZEREL:STRING=

//Flags used by the linker during the creation of static libraries
// during RELEASE builds.
CMAKE_STATIC_LINKER_FLAGS_RELEASE:STRING=

//Flags used by the linker during the creation of static libraries
// during RELWITHDEBINFO builds.
CMAKE_STATIC_LINKER_FLAGS_RELWITHDEBINFO:STRING=

//Path to a program.
CMAKE_STRIP:FILEPATH=/Library/Developer/CommandLineTools/usr/bin/strip

//If this value is on, makefiles will be generated without the
// .SILENT directive, and all commands will be echoed to the console
// during the make.  This is useful for debugging only. With Visual
// Studio IDE projects all commands are done without /nologo.
CMAKE_VERBOSE_MAKEFILE:BOOL=FALSE

//Overwrite cached values read from Python library (classic search).
// Turn off if cross-compiling and manually setting these values.
PYBIND11_PYTHONLIBS_OVERWRITE:BOOL=ON

//Python version to use for compiling modules
PYBIND11_PYTHON_VERSION:STRING=

//Path to a program.
PYTHON_EXECUTABLE:FILEPATH=/Users/nathantormaschy/opt/anaconda3/python.app/Contents/MacOS/python

//Path to a file.
PYTHON_INCLUDE_DIR:PATH=/opt/homebrew/Frameworks/Python.framework/Versions/3.11/include/python3.11

//Path to a library.
PYTHON_LIBRARY:FILEPATH=/opt/homebrew/Frameworks/Python.framework/Versions/3.11/lib/libpython3.11.dylib

//Path to a library.
PYTHON_LIBRARY_DEBUG:FILEPATH=PYTHON_LIBRARY_DEBUG-NOTFOUND

//The directory containing a CMake configuration file for pybind11.
pybind11_DIR:PATH=/opt/homebrew/share/cmake/pybind11


########################
# INTERNAL cache entries
########################

//ADVANCED property for variable: CMAKE_ADDR2LINE
CMAKE_ADDR2LINE-ADVANCED:INTERNAL=1
//ADVANCED property for variable: CMAKE_AR
CMAKE_AR-ADVANCED:INTERNAL=1
//This is the directory where this CMakeCache.txt was created
CMAKE_CACHEFILE_DIR:INTERNAL=/Users/nathantormaschy/CLionProjects/Argus/cmake-build-debug
//Major version of cmake used to create the current loaded cache
CMAKE_CACHE_MAJOR_VERSION:INTERNAL=3
//Minor version of cmake used to create the current loaded cache
CMAKE_CACHE_MINOR_VERSION:INTERNAL=25
//Patch version of cmake used to create the current loaded cache
CMAKE_CACHE_PATCH_VERSION:INTERNAL=2
//Path to CMake executable.
CMAKE_COMMAND:INTERNAL=/Applications/CLion.app/Contents/bin/cmake/mac/bin/cmake
//Path to cpack program executable.
CMAKE_CPACK_COMMAND:INTERNAL=/Applications/CLion.app/Contents/bin/cmake/mac/bin/cpack
//Path to ctest program executable.
CMAKE_CTEST_COMMAND:INTERNAL=/Applications/CLion.app/Contents/bin/cmake/mac/bin/ctest
//ADVANCED property for variable: CMAKE_CXX_COMPILER
CMAKE_CXX_COMPILER-ADVANCED:INTERNAL=1
//ADVANCED property for variable: CMAKE_CXX_FLAGS
CMAKE_CXX_FLAGS-ADVANCED:INTERNAL=1
//ADVANCED property for variable: CMAKE_CXX_FLAGS_DEBUG
CMAKE_CXX_FLAGS_DEBUG-ADVANCED:INTERNAL=1
//ADVANCED property for variable: CMAKE_CXX_FLAGS_MINSIZEREL
CMAKE_CXX_FLAGS_MINSIZEREL-ADVANCED:INTERNAL=1
//ADVANCED property for variable: CMAKE_CXX_FLAGS_RELEASE
CMAKE_CXX_FLAGS_RELEASE-ADVANCED:INTERNAL=1
//ADVANCED property for variable: CMAKE_CXX_FLAGS_RELWITHDEBINFO
CMAKE_CXX_FLAGS_RELWITHDEBINFO-ADVANCED:INTERNAL=1
//ADVANCED property for variable: CMAKE_C_COMPILER
CMAKE_C_COMPILER-ADVANCED:INTERNAL=1
//ADVANCED property for variable: CMAKE_C_FLAGS
CMAKE_C_FLAGS-ADVANCED:INTERNAL=1
//ADVANCED property for variable: CMAKE_C_FLAGS_DEBUG
CMAKE_C_FLAGS_DEBUG-ADVANCED:INTERNAL=1
//ADVANCED property for variable: CMAKE_C_FLAGS_MINSIZEREL
CMAKE_C_FLAGS_MINSIZEREL-ADVANCED:INTERNAL=1
//ADVANCED property for variable: CMAKE_C_FLAGS_RELEASE
CMAKE_C_FLAGS_RELEASE-ADVANCED:INTERNAL=1
//ADVANCED property for variable: CMAKE_C_FLAGS_RELWITHDEBINFO
CMAKE_C_FLAGS_RELWITHDEBINFO-ADVANCED:INTERNAL=1
//ADVANCED property for variable: CMAKE_DLLTOOL
CMAKE_DLLTOOL-ADVANCED:INTERNAL=1
//Executable file format
CMAKE_EXECUTABLE_FORMAT:INTERNAL=MACHO
//ADVANCED property for variable: CMAKE_EXE_LINKER_FLAGS
CMAKE_EXE_LINKER_FLAGS-ADVANCED:INTERNAL=1
//ADVANCED property for variable: CMAKE_EXE_LINKER_FLAGS_DEBUG
CMAKE_EXE_LINKER_FLAGS_DEBUG-ADVANCED:INTERNAL=1
//ADVANCED property for variable: CMAKE_EXE_LINKER_FLAGS_MINSIZEREL
CMAKE_EXE_LINKER_FLAGS_MINSIZEREL-ADVANCED:INTERNAL=1
//ADVANCED property for variable: CMAKE_EXE_LINKER_FLAGS_RELEASE
CMAKE_EXE_LINKER_FLAGS_RELEASE-ADVANCED:INTERNAL=1
//ADVANCED property for variable: CMAKE_EXE_LINKER_FLAGS_RELWITHDEBINFO
CMAKE_EXE_LINKER_FLAGS_RELWITHDEBINFO-ADVANCED:INTERNAL=1
//ADVANCED property for variable: CMAKE_EXPORT_COMPILE_COMMANDS
CMAKE_EXPORT_COMPILE_COMMANDS-ADVANCED:INTERNAL=1
//Name of external makefile project generator.
CMAKE_EXTRA_GENERATOR:INTERNAL=
//Name of generator.
CMAKE_GENERATOR:INTERNAL=Ninja
//Generator instance identifier.
CMAKE_GENERATOR_INSTANCE:INTERNAL=
//Name of generator platform.
CMAKE_GENERATOR_PLATFORM:INTERNAL=
//Name of generator toolset.
CMAKE_GENERATOR_TOOLSET:INTERNAL=
//Source directory with the top level CMakeLists.txt file for this
// project
CMAKE_HOME_DIRECTORY:INTERNAL=/Users/nathantormaschy/CLionProjects/Argus
//ADVANCED property for variable: CMAKE_INSTALL_NAME_TOOL
CMAKE_INSTALL_NAME_TOOL-ADVANCED:INTERNAL=1
//ADVANCED property for variable: CMAKE_LINKER
CMAKE_LINKER-ADVANCED:INTERNAL=1
//ADVANCED property for variable: CMAKE_MODULE_LINKER_FLAGS
CMAKE_MODULE_LINKER_FLAGS-ADVANCED:INTERNAL=1
//ADVANCED property for variable: CMAKE_MODULE_LINKER_FLAGS_DEBUG
CMAKE_MODULE_LINKER_FLAGS_DEBUG-ADVANCED:INTERNAL=1
//ADVANCED property for variable: CMAKE_MODULE_LINKER_FLAGS_MINSIZEREL
CMAKE_MODULE_LINKER_FLAGS_MINSIZEREL-ADVANCED:INTERNAL=1
//ADVANCED property for variable: CMAKE_MODULE_LINKER_FLAGS_RELEASE
CMAKE_MODULE_LINKER_FLAGS_RELEASE-ADVANCED:INTERNAL=1
//ADVANCED property for variable: CMAKE_MODULE_LINKER_FLAGS_RELWITHDEBINFO
CMAKE_MODULE_LINKER_FLAGS_RELWITHDEBINFO-ADVANCED:INTERNAL=1
//ADVANCED property for variable: CMAKE_NM
CMAKE_NM-ADVANCED:INTERNAL=1
//number of local generators
CMAKE_NUMBER_OF_MAKEFILES:INTERNAL=1
//ADVANCED property for variable: CMAKE_OBJCOPY
CMAKE_OBJCOPY-ADVANCED:INTERNAL=1
//ADVANCED property for variable: CMAKE_OBJDUMP
CMAKE_OBJDUMP-ADVANCED:INTERNAL=1
//Platform information initialized
CMAKE_PLATFORM_INFO_INITIALIZED:INTERNAL=1
//ADVANCED property for variable: CMAKE_RANLIB
CMAKE_RANLIB-ADVANCED:INTERNAL=1
//ADVANCED property for variable: CMAKE_READELF
CMAKE_READELF-ADVANCED:INTERNAL=1
//Path to CMake installation.
CMAKE_ROOT:INTERNAL=/Applications/CLion.app/Contents/bin/cmake/mac/share/cmake-3.25
//ADVANCED property for variable: CMAKE_SHARED_LINKER_FLAGS
CMAKE_SHARED_LINKER_FLAGS-ADVANCED:INTERNAL=1
//ADVANCED property for variable: CMAKE_SHARED_LINKER_FLAGS_DEBUG
CMAKE_SHARED_LINKER_FLAGS_DEBUG-ADVANCED:INTERNAL=1
//ADVANCED property for variable: CMAKE_SHARED_LINKER_FLAGS_MINSIZEREL
CMAKE_SHARED_LINKER_FLAGS_MINSIZEREL-ADVANCED:INTERNAL=1
//ADVANCED property for variable: CMAKE_SHARED_LINKER_FLAGS_RELEASE
CMAKE_SHARED_LINKER_FLAGS_RELEASE-ADVANCED:INTERNAL=1
//ADVANCED property for variable: CMAKE_SHARED_LINKER_FLAGS_RELWITHDEBINFO
CMAKE_SHARED_LINKER_FLAGS_RELWITHDEBINFO-ADVANCED:INTERNAL=1
//ADVANCED property for variable: CMAKE_SKIP_INSTALL_RPATH
CMAKE_SKIP_INSTALL_RPATH-ADVANCED:INTERNAL=1
//ADVANCED property for variable: CMAKE_SKIP_RPATH
CMAKE_SKIP_RPATH-ADVANCED:INTERNAL=1
//ADVANCED property for variable: CMAKE_STATIC_LINKER_FLAGS
CMAKE_STATIC_LINKER_FLAGS-ADVANCED:INTERNAL=1
//ADVANCED property for variable: CMAKE_STATIC_LINKER_FLAGS_DEBUG
CMAKE_STATIC_LINKER_FLAGS_DEBUG-ADVANCED:INTERNAL=1
//ADVANCED property for variable: CMAKE_STATIC_LINKER_FLAGS_MINSIZEREL
CMAKE_STATIC_LINKER_FLAGS_MINSIZEREL-ADVANCED:INTERNAL=1
//ADVANCED property for variable: CMAKE_STATIC_LINKER_FLAGS_RELEASE
CMAKE_STATIC_LINKER_FLAGS_RELEASE-ADVANCED:INTERNAL=1
//ADVANCED property for variable: CMAKE_STATIC_LINKER_FLAGS_RELWITHDEBINFO
CMAKE_STATIC_LINKER_FLAGS_RELWITHDEBINFO-ADVANCED:INTERNAL=1
//ADVANCED property for variable: CMAKE_STRIP
CMAKE_STRIP-ADVANCED:INTERNAL=1
//uname command
CMAKE_UNAME:INTERNAL=/usr/bin/uname
//ADVANCED property for variable: CMAKE_VERBOSE_MAKEFILE
CMAKE_VERBOSE_MAKEFILE-ADVANCED:INTERNAL=1
//Details about finding PYTHON
FIND_PACKAGE_MESSAGE_DETAILS_PYTHON:INTERNAL=/Users/nathantormaschy/opt/anaconda3/python.app/Contents/MacOS/python3.9.12
//Details about finding Python
FIND_PACKAGE_MESSAGE_DETAILS_Python:INTERNAL=[/Users/nathantormaschy/opt/anaconda3/include/python3.9][/Users/nathantormaschy/opt/anaconda3/lib/libpython3.9.dylib][cfound components: Development Development.Module Development.Embed ][v3.9.12()]
//Details about finding Python3
FIND_PACKAGE_MESSAGE_DETAILS_Python3:INTERNAL=[/Users/nathantormaschy/opt/anaconda3/bin/python3.9][/Users/nathantormaschy/opt/anaconda3/include/python3.9][/Users/nathantormaschy/opt/anaconda3/lib/libpython3.9.dylib][cfound components: Interpreter Development Development.Module Development.Embed ][v3.9.12()]
//Details about finding PythonInterp
FIND_PACKAGE_MESSAGE_DETAILS_PythonInterp:INTERNAL=[/Users/nathantormaschy/opt/anaconda3/python.app/Contents/MacOS/python][v3.9.12(3.6)]
//Details about finding PythonLibs
FIND_PACKAGE_MESSAGE_DETAILS_PythonLibs:INTERNAL=[/opt/homebrew/Frameworks/Python.framework/Versions/3.11/lib/libpython3.11.dylib][/opt/homebrew/Frameworks/Python.framework/Versions/3.11/include/python3.11][v3.11.2()]
//Test HAS_FLTO
HAS_FLTO:INTERNAL=1
//Test HAS_FLTO_THIN
HAS_FLTO_THIN:INTERNAL=1
//Python executable during the last CMake run
PYBIND11_PYTHON_EXECUTABLE_LAST:INTERNAL=/Users/nathantormaschy/opt/anaconda3/bin/python3.9
//ADVANCED property for variable: PYTHON_EXECUTABLE
PYTHON_EXECUTABLE-ADVANCED:INTERNAL=1
//ADVANCED property for variable: PYTHON_INCLUDE_DIR
PYTHON_INCLUDE_DIR-ADVANCED:INTERNAL=1
PYTHON_INCLUDE_DIRS:INTERNAL=/Users/nathantormaschy/opt/anaconda3/python.app/Contents/include/python3.9
PYTHON_IS_DEBUG:INTERNAL=0
PYTHON_LIBRARIES:INTERNAL=/opt/homebrew/Frameworks/Python.framework/Versions/3.11/lib/libpython3.11.dylib
//ADVANCED property for variable: PYTHON_LIBRARY
PYTHON_LIBRARY-ADVANCED:INTERNAL=1
//ADVANCED property for variable: PYTHON_LIBRARY_DEBUG
PYTHON_LIBRARY_DEBUG-ADVANCED:INTERNAL=1
PYTHON_MODULE_EXTENSION:INTERNAL=.cpython-39-darwin.so
PYTHON_MODULE_PREFIX:INTERNAL=
PYTHON_VERSION:INTERNAL=3.9.12
PYTHON_VERSION_MAJOR:INTERNAL=3
PYTHON_VERSION_MINOR:INTERNAL=9
Python_ADDITIONAL_VERSIONS:INTERNAL=3.11;3.10;3.9;3.8;3.7;3.6
_Python:INTERNAL=Python3
//Path to a program.
_Python3_CONFIG:INTERNAL=/Users/nathantormaschy/opt/anaconda3/bin/python3.9-config
//Compiler reason failure
_Python3_Compiler_REASON_FAILURE:INTERNAL=
_Python3_DEVELOPMENT_EMBED_SIGNATURE:INTERNAL=c44aa1004dc6ec9052ac88e4dc45e973
_Python3_DEVELOPMENT_MODULE_SIGNATURE:INTERNAL=96e658b239943d5605ef38e86faf6689
//Path to a program.
_Python3_EXECUTABLE:INTERNAL=/Users/nathantormaschy/opt/anaconda3/bin/python3.9
//Path to a file.
_Python3_INCLUDE_DIR:INTERNAL=/Users/nathantormaschy/opt/anaconda3/include/python3.9
//Python3 Properties
_Python3_INTERPRETER_PROPERTIES:INTERNAL=Python;3;9;12;64;;cpython-39-darwin;/Users/nathantormaschy/opt/anaconda3/lib/python3.9;/Users/nathantormaschy/opt/anaconda3/lib/python3.9;/Users/nathantormaschy/opt/anaconda3/lib/python3.9/site-packages;/Users/nathantormaschy/opt/anaconda3/lib/python3.9/site-packages
_Python3_INTERPRETER_SIGNATURE:INTERNAL=e782d048b3c06f5f817afe9b335cdbf5
//Interpreter reason failure
_Python3_Interpreter_REASON_FAILURE:INTERNAL=
//Path to a library.
_Python3_LIBRARY_RELEASE:INTERNAL=/Users/nathantormaschy/opt/anaconda3/lib/libpython3.9.dylib
//NumPy reason failure
_Python3_NumPy_REASON_FAILURE:INTERNAL=
//Compiler reason failure
_Python_Compiler_REASON_FAILURE:INTERNAL=
_Python_DEVELOPMENT_EMBED_SIGNATURE:INTERNAL=c44aa1004dc6ec9052ac88e4dc45e973
_Python_DEVELOPMENT_MODULE_SIGNATURE:INTERNAL=96e658b239943d5605ef38e86faf6689
//Path to a program.
_Python_EXECUTABLE:INTERNAL=/Users/nathantormaschy/opt/anaconda3/bin/python3.9
//Path to a file.
_Python_INCLUDE_DIR:INTERNAL=/Users/nathantormaschy/opt/anaconda3/include/python3.9
//Python Properties
_Python_INTERPRETER_PROPERTIES:INTERNAL=Python;3;9;12;64;;cpython-39-darwin;/Users/nathantormaschy/opt/anaconda3/lib/python3.9;/Users/nathantormaschy/opt/anaconda3/lib/python3.9;/Users/nathantormaschy/opt/anaconda3/lib/python3.9/site-packages;/Users/nathantormaschy/opt/anaconda3/lib/python3.9/site-packages
_Python_INTERPRETER_SIGNATURE:INTERNAL=e782d048b3c06f5f817afe9b335cdbf5
//Interpreter reason failure
_Python_Interpreter_REASON_FAILURE:INTERNAL=
//Path to a library.
_Python_LIBRARY_RELEASE:INTERNAL=/Users/nathantormaschy/opt/anaconda3/lib/libpython3.9.dylib
//NumPy reason failure
_Python_NumPy_REASON_FAILURE:INTERNAL=
//Directories where pybind11 and possibly Python headers are located
pybind11_INCLUDE_DIRS:INTERNAL=/opt/homebrew/include;/Users/nathantormaschy/opt/anaconda3/include/python3.9

